/tmp/vagrant-shell: line 35: mysql: command not found
E: Could not get lock /var/lib/dpkg/lock - open (11: Resource temporarily unavailable)
E: Unable to lock the administration directory (/var/lib/dpkg/), is another process using it?
/tmp/vagrant-shell: line 41: a2enmod: command not found
Failed to restart apache2.service: Unit apache2.service not found.
/tmp/vagrant-shell: line 58: php: command not found
E: Could not get lock /var/lib/dpkg/lock - open (11: Resource temporarily unavailable)
E: Unable to lock the administration directory (/var/lib/dpkg/), is another process using it?
npm WARN deprecated bower@1.8.0: ..psst! While Bower is maintained, we recommend Yarn and Webpack for *new* front-end projects! Yarn's advantage is security and reliability, and Webpack's is support for both CommonJS and AMD projects. Currently there's no migration path but we hope you'll help us figure out one.
npm WARN deprecated minimatch@2.0.10: Please update to minimatch 3.0.2 or higher to avoid a RegExp DoS issue
npm WARN deprecated minimatch@0.2.14: Please update to minimatch 3.0.2 or higher to avoid a RegExp DoS issue
npm WARN deprecated graceful-fs@1.2.3: graceful-fs v3.0.0 and before will fail on node releases >= v7.0. Please update to graceful-fs@^4.0.0 as soon as possible. Use 'npm ls graceful-fs' to find it in the tree.
/usr/bin/gulp -> /usr/lib/node_modules/gulp/bin/gulp.js
/usr/bin/bower -> /usr/lib/node_modules/bower/bin/bower
gulp@3.9.1 /usr/lib/node_modules/gulp
├── interpret@1.0.3
├── pretty-hrtime@1.0.3
├── deprecated@0.0.1
├── archy@1.0.0
├── minimist@1.2.0
├── tildify@1.2.0 (os-homedir@1.0.2)
├── semver@4.3.6
├── v8flags@2.1.1 (user-home@1.1.1)
├── chalk@1.1.3 (escape-string-regexp@1.0.5, supports-color@2.0.0, ansi-styles@2.2.1, strip-ansi@3.0.1, has-ansi@2.0.0)
├── orchestrator@0.3.8 (sequencify@0.0.7, stream-consume@0.1.0, end-of-stream@0.1.5)
├── gulp-util@3.0.8 (array-differ@1.0.0, lodash._reevaluate@3.0.0, lodash._reinterpolate@3.0.0, object-assign@3.0.0, beeper@1.1.1, array-uniq@1.0.3, lodash._reescape@3.0.0, dateformat@2.0.0, replace-ext@0.0.1, has-gulplog@0.1.0, fancy-log@1.3.0, vinyl@0.5.3, gulplog@1.0.0, lodash.template@3.6.2, through2@2.0.3, multipipe@0.1.2)
├── vinyl-fs@0.3.14 (strip-bom@1.0.0, vinyl@0.4.6, graceful-fs@3.0.11, defaults@1.0.3, mkdirp@0.5.1, through2@0.6.5, glob-stream@3.1.18, glob-watcher@0.0.6)
└── liftoff@2.3.0 (lodash.isstring@4.0.1, lodash.isplainobject@4.0.6, lodash.mapvalues@4.6.0, rechoir@0.6.2, extend@3.0.1, flagged-respawn@0.3.2, resolve@1.3.3, fined@1.0.2, findup-sync@0.4.3)

bower@1.8.0 /usr/lib/node_modules/bower
