0 info it worked if it ends with ok
1 verbose cli [ '/var/jenkins_home/tools/jenkins.plugins.nodejs.tools.NodeJSInstallation/nodejs8/bin/node',
1 verbose cli   '/var/jenkins_home/tools/jenkins.plugins.nodejs.tools.NodeJSInstallation/nodejs8/bin/npm',
1 verbose cli   'install',
1 verbose cli   '-g',
1 verbose cli   'retire,',
1 verbose cli   'grunt' ]
2 info using npm@5.0.0
3 info using node@v8.0.0
4 silly install loadCurrentTree
5 silly install readGlobalPackageData
6 verbose stack Error: Invalid tag name "retire,": Tags may not have any characters that encodeURIComponent encodes.
6 verbose stack     at invalidTagName (/var/jenkins_home/tools/jenkins.plugins.nodejs.tools.NodeJSInstallation/nodejs8/lib/node_modules/npm/node_modules/npm-package-arg/npa.js:76:15)
6 verbose stack     at fromRegistry (/var/jenkins_home/tools/jenkins.plugins.nodejs.tools.NodeJSInstallation/nodejs8/lib/node_modules/npm/node_modules/npm-package-arg/npa.js:244:13)
6 verbose stack     at resolve (/var/jenkins_home/tools/jenkins.plugins.nodejs.tools.NodeJSInstallation/nodejs8/lib/node_modules/npm/node_modules/npm-package-arg/npa.js:66:12)
6 verbose stack     at npa (/var/jenkins_home/tools/jenkins.plugins.nodejs.tools.NodeJSInstallation/nodejs8/lib/node_modules/npm/node_modules/npm-package-arg/npa.js:39:10)
6 verbose stack     at /var/jenkins_home/tools/jenkins.plugins.nodejs.tools.NodeJSInstallation/nodejs8/lib/node_modules/npm/lib/install/deps.js:200:16
6 verbose stack     at /var/jenkins_home/tools/jenkins.plugins.nodejs.tools.NodeJSInstallation/nodejs8/lib/node_modules/npm/node_modules/slide/lib/async-map.js:52:35
6 verbose stack     at Array.forEach (native)
6 verbose stack     at /var/jenkins_home/tools/jenkins.plugins.nodejs.tools.NodeJSInstallation/nodejs8/lib/node_modules/npm/node_modules/slide/lib/async-map.js:52:11
6 verbose stack     at Array.forEach (native)
6 verbose stack     at asyncMap (/var/jenkins_home/tools/jenkins.plugins.nodejs.tools.NodeJSInstallation/nodejs8/lib/node_modules/npm/node_modules/slide/lib/async-map.js:51:8)
6 verbose stack     at exports.getAllMetadata (/var/jenkins_home/tools/jenkins.plugins.nodejs.tools.NodeJSInstallation/nodejs8/lib/node_modules/npm/lib/install/deps.js:199:3)
6 verbose stack     at Installer.loadArgMetadata (/var/jenkins_home/tools/jenkins.plugins.nodejs.tools.NodeJSInstallation/nodejs8/lib/node_modules/npm/lib/install.js:325:3)
6 verbose stack     at Installer.readGlobalPackageData (/var/jenkins_home/tools/jenkins.plugins.nodejs.tools.NodeJSInstallation/nodejs8/lib/node_modules/npm/lib/install.js:611:8)
6 verbose stack     at Array.<anonymous> (/var/jenkins_home/tools/jenkins.plugins.nodejs.tools.NodeJSInstallation/nodejs8/lib/node_modules/npm/node_modules/slide/lib/bind-actor.js:15:8)
6 verbose stack     at LOOP (/var/jenkins_home/tools/jenkins.plugins.nodejs.tools.NodeJSInstallation/nodejs8/lib/node_modules/npm/node_modules/slide/lib/chain.js:15:14)
6 verbose stack     at chain (/var/jenkins_home/tools/jenkins.plugins.nodejs.tools.NodeJSInstallation/nodejs8/lib/node_modules/npm/node_modules/slide/lib/chain.js:20:5)
7 verbose cwd /
8 verbose Linux 4.9.27-moby
9 verbose argv "/var/jenkins_home/tools/jenkins.plugins.nodejs.tools.NodeJSInstallation/nodejs8/bin/node" "/var/jenkins_home/tools/jenkins.plugins.nodejs.tools.NodeJSInstallation/nodejs8/bin/npm" "install" "-g" "retire," "grunt"
10 verbose node v8.0.0
11 verbose npm  v5.0.0
12 error code EINVALIDTAGNAME
13 error Invalid tag name "retire,": Tags may not have any characters that encodeURIComponent encodes.
14 verbose exit [ 1, true ]
